<?xml version="1.0" encoding="UTF-8"?>
<!-- Generated by org.testng.reporters.JUnitReportReporter -->
<testsuite hostname="BHARANI" failures="0" tests="2" name="Selenium_Programming.Testngprogram" time="0.009" errors="0" timestamp="2023-06-05T23:03:20 IST" skipped="0">
  <testcase classname="Selenium_Programming.Testngprogram" name="bhar121221" time="0.002"/>
  <system-out/>
  <testcase classname="Selenium_Programming.Testngprogram" name="bhar12122" time="0.007"/>
  <system-out/>
</testsuite> <!-- Selenium_Programming.Testngprogram -->
